<?xml version="1.0" encoding="UTF-8"?>
<!-- Generated by org.testng.reporters.JUnitXMLReporter -->
<testsuite ignored="13" hostname="DESKTOP-K409HTC" failures="0" tests="1" name="Test(failed)(failed)(failed)(failed)(failed)(failed)" time="42.717" errors="0" timestamp="2024-07-08T12:56:28 IST">
  <testcase classname="test.LandingPageTesting" name="printTheCheapestAndCostliestPhoneWithItsNameAndPriceOnMobilePhonesPage" time="39.61"/>
  <testcase classname="test.LandingPageTesting" name="verifyUserIsAbleRemoveProductFromAddToCartPageByClickOnRemoveButton" time="0.0">
    <ignored/>
  </testcase> <!-- verifyUserIsAbleRemoveProductFromAddToCartPageByClickOnRemoveButton -->
  <testcase classname="test.LandingPageTesting" name="verifyUserAbleToAddMobileInCartAndThatIsDisplayedInAddToCartPage" time="0.0">
    <ignored/>
  </testcase> <!-- verifyUserAbleToAddMobileInCartAndThatIsDisplayedInAddToCartPage -->
  <testcase classname="test.LandingPageTesting" name="clickOnTheFirstCheapestAndCostliestPhoneOnMobilePhonesPage" time="0.0">
    <ignored/>
  </testcase> <!-- clickOnTheFirstCheapestAndCostliestPhoneOnMobilePhonesPage -->
  <testcase classname="test.LandingPageTesting" name="clickOnTheSecondCheapestAndCostliestPhoneOnMobilePhonesPage" time="0.0">
    <ignored/>
  </testcase> <!-- clickOnTheSecondCheapestAndCostliestPhoneOnMobilePhonesPage -->
  <testcase classname="test.LandingPageTesting" name="verifySelectedProductIsAvaiableInStockOnProductDetailsPage" time="0.0">
    <ignored/>
  </testcase> <!-- verifySelectedProductIsAvaiableInStockOnProductDetailsPage -->
  <testcase classname="test.LandingPageTesting" name="verifyAfterSucessfullIncreaseTheQuantityOfTheProductInAddToCartPageThenPupupTextIsDisplayedToUser" time="0.0">
    <ignored/>
  </testcase> <!-- verifyAfterSucessfullIncreaseTheQuantityOfTheProductInAddToCartPageThenPupupTextIsDisplayedToUser -->
  <testcase classname="test.LandingPageTesting" name="verifyUserIsAbleToSearchProductsOnByEnetringInputsOnSearchField" time="0.0">
    <ignored/>
  </testcase> <!-- verifyUserIsAbleToSearchProductsOnByEnetringInputsOnSearchField -->
  <testcase classname="test.LandingPageTesting" name="selectSamsungMobileFromBrandsOptionsFromFilterByUsingSearchFieldOnBrandFilterWindow" time="0.0">
    <ignored/>
  </testcase> <!-- selectSamsungMobileFromBrandsOptionsFromFilterByUsingSearchFieldOnBrandFilterWindow -->
  <testcase classname="test.LandingPageTesting" name="verifyDiscuoutIsReducedFromThePriceAndValidateTotalAmmoutToBuyMobile" time="0.0">
    <ignored/>
  </testcase> <!-- verifyDiscuoutIsReducedFromThePriceAndValidateTotalAmmoutToBuyMobile -->
  <testcase classname="test.LandingPageTesting" name="selectPriceOfMobileFromTwentyThouandToThirtyThousandPlusFromPriceFilterSlider" time="0.0">
    <ignored/>
  </testcase> <!-- selectPriceOfMobileFromTwentyThouandToThirtyThousandPlusFromPriceFilterSlider -->
  <testcase classname="test.LandingPageTesting" name="selectRAMFromRAMCheckboxOnMobilePhonesPage" time="0.0">
    <ignored/>
  </testcase> <!-- selectRAMFromRAMCheckboxOnMobilePhonesPage -->
  <testcase classname="test.LandingPageTesting" name="verifyUserIsAbleToDecreaseTheQuantityOfProductInAddToCartPageByClickOnMinusSign" time="0.0">
    <ignored/>
  </testcase> <!-- verifyUserIsAbleToDecreaseTheQuantityOfProductInAddToCartPageByClickOnMinusSign -->
  <testcase classname="test.LandingPageTesting" name="verifyUserIsAbleToIncreaseTheQuantityOfTheProductInAddToCartPageByUsingTheNumberInput" time="0.0">
    <ignored/>
  </testcase> <!-- verifyUserIsAbleToIncreaseTheQuantityOfTheProductInAddToCartPageByUsingTheNumberInput -->
</testsuite> <!-- Test(failed)(failed)(failed)(failed)(failed)(failed) -->
