<?xml version="1.0" encoding="UTF-8"?>
<!-- Generated by org.testng.reporters.JUnitXMLReporter -->
<testsuite ignored="1" hostname="DESKTOP-K409HTC" failures="0" tests="1" name="Default test" time="16.242" errors="0" timestamp="2024-07-03T18:43:23 IST">
  <testcase classname="test.LandingPageTesting" name="selectMotorolaMobileFromBrandsOptionsFromFilter" time="12.512"/>
  <testcase classname="test.LandingPageTesting" name="selectPriceOfMobileFromTenThousandToTwentyThouandFromPriceFilterSlider" time="0.0">
    <ignored/>
  </testcase> <!-- selectPriceOfMobileFromTenThousandToTwentyThouandFromPriceFilterSlider -->
</testsuite> <!-- Default test -->
