<?xml version="1.0" encoding="UTF-8"?>
<!-- Generated by org.testng.reporters.JUnitXMLReporter -->
<testsuite ignored="7" hostname="DESKTOP-K409HTC" failures="1" tests="1" name="Test(failed)(failed)" time="51.069" errors="0" timestamp="2024-07-05T11:54:58 IST">
  <testcase classname="test.LandingPageTesting" name="printTheCheapestAndCostliestPhoneWithItsNameAndPriceOnMobilePhonesPage" time="45.699">
    <failure type="java.lang.AssertionError" message="expected [SAMSUNG Galaxy A15 5G (Blue, 128 GB)] but found [SAMSUNG Galaxy A15 5G (Blue Black, 128 GB)]">
      <![CDATA[java.lang.AssertionError: expected [SAMSUNG Galaxy A15 5G (Blue, 128 GB)] but found [SAMSUNG Galaxy A15 5G (Blue Black, 128 GB)]
at test.LandingPageTesting.printTheCheapestAndCostliestPhoneWithItsNameAndPriceOnMobilePhonesPage(LandingPageTesting.java:142)
at java.base/java.util.ArrayList.forEach(ArrayList.java:1511)
... Removed 33 stack frames]]>
    </failure>
  </testcase> <!-- printTheCheapestAndCostliestPhoneWithItsNameAndPriceOnMobilePhonesPage -->
  <testcase classname="test.LandingPageTesting" name="clickOnTheFirstCheapestAndCostliestPhoneOnMobilePhonesPage" time="0.0">
    <ignored/>
  </testcase> <!-- clickOnTheFirstCheapestAndCostliestPhoneOnMobilePhonesPage -->
  <testcase classname="test.LandingPageTesting" name="verifyUserAbleToAddMobileInCartAndThatIsDisplayedInAddToCartPage" time="0.0">
    <ignored/>
  </testcase> <!-- verifyUserAbleToAddMobileInCartAndThatIsDisplayedInAddToCartPage -->
  <testcase classname="test.LandingPageTesting" name="verifyDiscuoutIsReducedFromThePriceAndValidateTotalAmmoutToBuyMobile" time="0.0">
    <ignored/>
  </testcase> <!-- verifyDiscuoutIsReducedFromThePriceAndValidateTotalAmmoutToBuyMobile -->
  <testcase classname="test.LandingPageTesting" name="selectPriceOfMobileFromTwentyThouandToThirtyThousandPlusFromPriceFilterSlider" time="0.0">
    <ignored/>
  </testcase> <!-- selectPriceOfMobileFromTwentyThouandToThirtyThousandPlusFromPriceFilterSlider -->
  <testcase classname="test.LandingPageTesting" name="selectSamsungMobileFromBrandsOptionsFromFilterByUsingSearchFieldOnBrandFilterWindow" time="0.0">
    <ignored/>
  </testcase> <!-- selectSamsungMobileFromBrandsOptionsFromFilterByUsingSearchFieldOnBrandFilterWindow -->
  <testcase classname="test.LandingPageTesting" name="selectRAMFromRAMCheckboxOnMobilePhonesPage" time="0.0">
    <ignored/>
  </testcase> <!-- selectRAMFromRAMCheckboxOnMobilePhonesPage -->
  <testcase classname="test.LandingPageTesting" name="verifySelectedProductIsAvaiableInStockOnProductDetailsPage" time="0.0">
    <ignored/>
  </testcase> <!-- verifySelectedProductIsAvaiableInStockOnProductDetailsPage -->
</testsuite> <!-- Test(failed)(failed) -->
