<?xml version="1.0" encoding="UTF-8"?>
<!-- Generated by org.testng.reporters.JUnitXMLReporter -->
<testsuite ignored="0" hostname="DESKTOP-K409HTC" failures="2" tests="14" name="Test" time="590.262" errors="0" timestamp="2024-07-05T16:10:19 IST">
  <testcase classname="test.LandingPageTesting" name="clickOnTheFirstCheapestAndCostliestPhoneOnMobilePhonesPage" time="53.622"/>
  <testcase classname="test.LandingPageTesting" name="clickOnTheSecondCheapestAndCostliestPhoneOnMobilePhonesPage" time="53.562"/>
  <testcase classname="test.LandingPageTesting" name="printTheCheapestAndCostliestPhoneWithItsNameAndPriceOnMobilePhonesPage" time="45.484">
    <failure type="java.lang.AssertionError" message="expected [SAMSUNG Galaxy A15 5G (Blue Black, 128 GB)] but found [SAMSUNG Galaxy A15 5G (Blue, 128 GB)]">
      <![CDATA[java.lang.AssertionError: expected [SAMSUNG Galaxy A15 5G (Blue Black, 128 GB)] but found [SAMSUNG Galaxy A15 5G (Blue, 128 GB)]
at test.LandingPageTesting.printTheCheapestAndCostliestPhoneWithItsNameAndPriceOnMobilePhonesPage(LandingPageTesting.java:157)
at java.base/java.util.ArrayList.forEach(ArrayList.java:1511)
... Removed 33 stack frames]]>
    </failure>
  </testcase> <!-- printTheCheapestAndCostliestPhoneWithItsNameAndPriceOnMobilePhonesPage -->
  <testcase classname="test.LandingPageTesting" name="selectPriceOfMobileFromTwentyThouandToThirtyThousandPlusFromPriceFilterSlider" time="2.852"/>
  <testcase classname="test.LandingPageTesting" name="selectRAMFromRAMCheckboxOnMobilePhonesPage" time="2.616"/>
  <testcase classname="test.LandingPageTesting" name="selectSamsungMobileFromBrandsOptionsFromFilterByUsingSearchFieldOnBrandFilterWindow" time="2.638"/>
  <testcase classname="test.LandingPageTesting" name="verifyAfterSucessfullIncreaseTheQuantityOfTheProductInAddToCartPageThenPupupTextIsDisplayedToUser" time="55.313"/>
  <testcase classname="test.LandingPageTesting" name="verifyDiscuoutIsReducedFromThePriceAndValidateTotalAmmoutToBuyMobile" time="54.102"/>
  <testcase classname="test.LandingPageTesting" name="verifySelectedProductIsAvaiableInStockOnProductDetailsPage" time="53.599"/>
  <testcase classname="test.LandingPageTesting" name="verifyUserAbleToAddMobileInCartAndThatIsDisplayedInAddToCartPage" time="53.902"/>
  <testcase classname="test.LandingPageTesting" name="verifyUserIsAbleRemoveProductFromAddToCartPageByClickOnRemoveButton" time="55.598"/>
  <testcase classname="test.LandingPageTesting" name="verifyUserIsAbleToDecreaseTheQuantityOfProductInAddToCartPageByClickOnMinusSign" time="55.135"/>
  <testcase classname="test.LandingPageTesting" name="verifyUserIsAbleToIncreaseTheQuantityOfTheProductInAddToCartPageByUsingTheNumberInput" time="55.317">
    <failure type="java.lang.AssertionError" message="expected [2] but found [1]">
      <![CDATA[java.lang.AssertionError: expected [2] but found [1]
at test.LandingPageTesting.verifyUserIsAbleToIncreaseTheQuantityOfTheProductInAddToCartPageByUsingTheNumberInput(LandingPageTesting.java:464)
at java.base/java.util.ArrayList.forEach(ArrayList.java:1511)
... Removed 33 stack frames]]>
    </failure>
  </testcase> <!-- verifyUserIsAbleToIncreaseTheQuantityOfTheProductInAddToCartPageByUsingTheNumberInput -->
  <testcase classname="test.LandingPageTesting" name="verifyUserIsAbleToSearchProductsOnByEnetringInputsOnSearchField" time="1.994"/>
</testsuite> <!-- Test -->
