<?xml version="1.0" encoding="UTF-8"?>
<!-- Generated by org.testng.reporters.JUnitXMLReporter -->
<testsuite ignored="4" hostname="DESKTOP-K409HTC" failures="0" tests="1" name="Test" time="59.32" errors="0" timestamp="2024-07-04T15:24:42 IST">
  <testcase classname="test.LandingPageTesting" name="clickOnTheFirstCheapestAndCostliestPhoneOnMobilePhonesPage" time="53.923"/>
  <testcase classname="test.LandingPageTesting" name="selectRAMFromRAMCheckboxOnMobilePhonesPage" time="0.0">
    <ignored/>
  </testcase> <!-- selectRAMFromRAMCheckboxOnMobilePhonesPage -->
  <testcase classname="test.LandingPageTesting" name="printTheCheapestAndCostliestPhoneWithItsNameAndPriceOnMobilePhonesPage" time="0.0">
    <ignored/>
  </testcase> <!-- printTheCheapestAndCostliestPhoneWithItsNameAndPriceOnMobilePhonesPage -->
  <testcase classname="test.LandingPageTesting" name="selectPriceOfMobileFromTwentyThouandToThirtyThousandPlusFromPriceFilterSlider" time="0.0">
    <ignored/>
  </testcase> <!-- selectPriceOfMobileFromTwentyThouandToThirtyThousandPlusFromPriceFilterSlider -->
  <testcase classname="test.LandingPageTesting" name="selectSamsungMobileFromBrandsOptionsFromFilterByUsingSearchFieldOnBrandFilterWindow" time="0.0">
    <ignored/>
  </testcase> <!-- selectSamsungMobileFromBrandsOptionsFromFilterByUsingSearchFieldOnBrandFilterWindow -->
</testsuite> <!-- Test -->
