<?xml version="1.0" encoding="UTF-8"?>
<!-- Generated by org.testng.reporters.JUnitXMLReporter -->
<testsuite ignored="13" hostname="DESKTOP-K409HTC" failures="1" tests="1" name="Test(failed)(failed)(failed)(failed)(failed)" time="43.365" errors="0" timestamp="2024-07-08T12:54:47 IST">
  <testcase classname="test.LandingPageTesting" name="printTheCheapestAndCostliestPhoneWithItsNameAndPriceOnMobilePhonesPage" time="39.536">
    <failure type="java.lang.AssertionError" message="expected [SAMSUNG Galaxy A15 5G (Blue Black, 128 GB)] but found [SAMSUNG Galaxy A15 5G (Blue, 128 GB)]">
      <![CDATA[java.lang.AssertionError: expected [SAMSUNG Galaxy A15 5G (Blue Black, 128 GB)] but found [SAMSUNG Galaxy A15 5G (Blue, 128 GB)]
at test.LandingPageTesting.printTheCheapestAndCostliestPhoneWithItsNameAndPriceOnMobilePhonesPage(LandingPageTesting.java:167)
at java.base/java.util.ArrayList.forEach(ArrayList.java:1511)
... Removed 33 stack frames]]>
    </failure>
  </testcase> <!-- printTheCheapestAndCostliestPhoneWithItsNameAndPriceOnMobilePhonesPage -->
  <testcase classname="test.LandingPageTesting" name="verifyUserIsAbleRemoveProductFromAddToCartPageByClickOnRemoveButton" time="0.0">
    <ignored/>
  </testcase> <!-- verifyUserIsAbleRemoveProductFromAddToCartPageByClickOnRemoveButton -->
  <testcase classname="test.LandingPageTesting" name="verifyUserAbleToAddMobileInCartAndThatIsDisplayedInAddToCartPage" time="0.0">
    <ignored/>
  </testcase> <!-- verifyUserAbleToAddMobileInCartAndThatIsDisplayedInAddToCartPage -->
  <testcase classname="test.LandingPageTesting" name="clickOnTheFirstCheapestAndCostliestPhoneOnMobilePhonesPage" time="0.0">
    <ignored/>
  </testcase> <!-- clickOnTheFirstCheapestAndCostliestPhoneOnMobilePhonesPage -->
  <testcase classname="test.LandingPageTesting" name="clickOnTheSecondCheapestAndCostliestPhoneOnMobilePhonesPage" time="0.0">
    <ignored/>
  </testcase> <!-- clickOnTheSecondCheapestAndCostliestPhoneOnMobilePhonesPage -->
  <testcase classname="test.LandingPageTesting" name="verifySelectedProductIsAvaiableInStockOnProductDetailsPage" time="0.0">
    <ignored/>
  </testcase> <!-- verifySelectedProductIsAvaiableInStockOnProductDetailsPage -->
  <testcase classname="test.LandingPageTesting" name="verifyAfterSucessfullIncreaseTheQuantityOfTheProductInAddToCartPageThenPupupTextIsDisplayedToUser" time="0.0">
    <ignored/>
  </testcase> <!-- verifyAfterSucessfullIncreaseTheQuantityOfTheProductInAddToCartPageThenPupupTextIsDisplayedToUser -->
  <testcase classname="test.LandingPageTesting" name="verifyUserIsAbleToSearchProductsOnByEnetringInputsOnSearchField" time="0.0">
    <ignored/>
  </testcase> <!-- verifyUserIsAbleToSearchProductsOnByEnetringInputsOnSearchField -->
  <testcase classname="test.LandingPageTesting" name="selectSamsungMobileFromBrandsOptionsFromFilterByUsingSearchFieldOnBrandFilterWindow" time="0.0">
    <ignored/>
  </testcase> <!-- selectSamsungMobileFromBrandsOptionsFromFilterByUsingSearchFieldOnBrandFilterWindow -->
  <testcase classname="test.LandingPageTesting" name="verifyDiscuoutIsReducedFromThePriceAndValidateTotalAmmoutToBuyMobile" time="0.0">
    <ignored/>
  </testcase> <!-- verifyDiscuoutIsReducedFromThePriceAndValidateTotalAmmoutToBuyMobile -->
  <testcase classname="test.LandingPageTesting" name="selectPriceOfMobileFromTwentyThouandToThirtyThousandPlusFromPriceFilterSlider" time="0.0">
    <ignored/>
  </testcase> <!-- selectPriceOfMobileFromTwentyThouandToThirtyThousandPlusFromPriceFilterSlider -->
  <testcase classname="test.LandingPageTesting" name="selectRAMFromRAMCheckboxOnMobilePhonesPage" time="0.0">
    <ignored/>
  </testcase> <!-- selectRAMFromRAMCheckboxOnMobilePhonesPage -->
  <testcase classname="test.LandingPageTesting" name="verifyUserIsAbleToDecreaseTheQuantityOfProductInAddToCartPageByClickOnMinusSign" time="0.0">
    <ignored/>
  </testcase> <!-- verifyUserIsAbleToDecreaseTheQuantityOfProductInAddToCartPageByClickOnMinusSign -->
  <testcase classname="test.LandingPageTesting" name="verifyUserIsAbleToIncreaseTheQuantityOfTheProductInAddToCartPageByUsingTheNumberInput" time="0.0">
    <ignored/>
  </testcase> <!-- verifyUserIsAbleToIncreaseTheQuantityOfTheProductInAddToCartPageByUsingTheNumberInput -->
</testsuite> <!-- Test(failed)(failed)(failed)(failed)(failed) -->
