<?xml version="1.0" encoding="UTF-8"?>
<testng-results ignored="0" total="1" passed="1" failed="0" skipped="0">
  <reporter-output>
  </reporter-output>
  <suite started-at="2024-07-04T15:23:43 IST" name="Suite" finished-at="2024-07-04T15:24:42 IST" duration-ms="59320">
    <groups>
    </groups>
    <test started-at="2024-07-04T15:23:43 IST" name="Test" finished-at="2024-07-04T15:24:42 IST" duration-ms="59320">
      <class name="test.LandingPageTesting">
        <test-method is-config="true" signature="logReport()[pri:0, instance:test.LandingPageTesting@58cbafc2]" started-at="2024-07-04T15:23:43 IST" name="logReport" finished-at="2024-07-04T15:23:43 IST" duration-ms="189" status="PASS">
          <reporter-output>
          </reporter-output>
        </test-method> <!-- logReport -->
        <test-method is-config="true" signature="launchBrowser()[pri:0, instance:test.LandingPageTesting@58cbafc2]" started-at="2024-07-04T15:23:43 IST" name="launchBrowser" finished-at="2024-07-04T15:23:48 IST" duration-ms="4995" status="PASS">
          <reporter-output>
          </reporter-output>
        </test-method> <!-- launchBrowser -->
        <test-method signature="clickOnTheFirstCheapestAndCostliestPhoneOnMobilePhonesPage(java.lang.String,java.lang.String,java.lang.String,int,int)[pri:0, instance:test.LandingPageTesting@58cbafc2]" started-at="2024-07-04T15:23:48 IST" name="clickOnTheFirstCheapestAndCostliestPhoneOnMobilePhonesPage" finished-at="2024-07-04T15:24:42 IST" duration-ms="53923" status="PASS">
          <params>
            <param index="0">
              <value>
                <![CDATA[mobile phones]]>
              </value>
            </param>
            <param index="1">
              <value>
                <![CDATA[SAMSUNG]]>
              </value>
            </param>
            <param index="2">
              <value>
                <![CDATA[8 GB and Above]]>
              </value>
            </param>
            <param index="3">
              <value>
                <![CDATA[147]]>
              </value>
            </param>
            <param index="4">
              <value>
                <![CDATA[-1]]>
              </value>
            </param>
          </params>
          <reporter-output>
          </reporter-output>
        </test-method> <!-- clickOnTheFirstCheapestAndCostliestPhoneOnMobilePhonesPage -->
        <test-method is-config="true" signature="logResult(org.testng.ITestResult)[pri:0, instance:test.LandingPageTesting@58cbafc2]" started-at="2024-07-04T15:24:42 IST" name="logResult" finished-at="2024-07-04T15:24:42 IST" duration-ms="3" status="PASS">
          <params>
            <param index="0">
              <value>
                <![CDATA[[TestResult name=clickOnTheFirstCheapestAndCostliestPhoneOnMobilePhonesPage status=SUCCESS method=LandingPageTesting.clickOnTheFirstCheapestAndCostliestPhoneOnMobilePhonesPage(java.lang.String,java.lang.String,java.lang.String,int,int)[pri:0, instance:test.LandingPageTesting@58cbafc2] output={null}]]]>
              </value>
            </param>
          </params>
          <reporter-output>
          </reporter-output>
        </test-method> <!-- logResult -->
        <test-method is-config="true" signature="clearData()[pri:0, instance:test.LandingPageTesting@58cbafc2]" started-at="2024-07-04T15:24:42 IST" name="clearData" finished-at="2024-07-04T15:24:42 IST" duration-ms="185" status="PASS">
          <reporter-output>
          </reporter-output>
        </test-method> <!-- clearData -->
      </class> <!-- test.LandingPageTesting -->
    </test> <!-- Test -->
  </suite> <!-- Suite -->
</testng-results>
