<?xml version="1.0" encoding="UTF-8"?>
<testng-results ignored="0" total="14" passed="13" failed="1" skipped="0">
  <reporter-output>
  </reporter-output>
  <suite started-at="2024-07-05T17:17:42 IST" name="Suite" finished-at="2024-07-05T17:27:37 IST" duration-ms="594636">
    <groups>
    </groups>
    <test started-at="2024-07-05T17:17:42 IST" name="Test" finished-at="2024-07-05T17:27:37 IST" duration-ms="594636">
      <class name="test.LandingPageTesting">
        <test-method is-config="true" signature="logReport()[pri:0, instance:test.LandingPageTesting@cb0755b]" started-at="2024-07-05T17:17:42 IST" name="logReport" finished-at="2024-07-05T17:17:42 IST" duration-ms="209" status="PASS">
          <reporter-output>
          </reporter-output>
        </test-method> <!-- logReport -->
        <test-method is-config="true" signature="launchBrowser()[pri:0, instance:test.LandingPageTesting@cb0755b]" started-at="2024-07-05T17:17:42 IST" name="launchBrowser" finished-at="2024-07-05T17:17:53 IST" duration-ms="10577" status="PASS">
          <reporter-output>
          </reporter-output>
        </test-method> <!-- launchBrowser -->
        <test-method signature="clickOnTheFirstCheapestAndCostliestPhoneOnMobilePhonesPage(java.lang.String,java.lang.String,java.lang.String,int,int)[pri:0, instance:test.LandingPageTesting@cb0755b]" started-at="2024-07-05T17:17:53 IST" name="clickOnTheFirstCheapestAndCostliestPhoneOnMobilePhonesPage" finished-at="2024-07-05T17:18:47 IST" duration-ms="54406" status="PASS">
          <params>
            <param index="0">
              <value>
                <![CDATA[mobile phones]]>
              </value>
            </param>
            <param index="1">
              <value>
                <![CDATA[SAMSUNG]]>
              </value>
            </param>
            <param index="2">
              <value>
                <![CDATA[8 GB and Above]]>
              </value>
            </param>
            <param index="3">
              <value>
                <![CDATA[147]]>
              </value>
            </param>
            <param index="4">
              <value>
                <![CDATA[-1]]>
              </value>
            </param>
          </params>
          <reporter-output>
          </reporter-output>
        </test-method> <!-- clickOnTheFirstCheapestAndCostliestPhoneOnMobilePhonesPage -->
        <test-method is-config="true" signature="logResult(org.testng.ITestResult)[pri:0, instance:test.LandingPageTesting@cb0755b]" started-at="2024-07-05T17:18:47 IST" name="logResult" finished-at="2024-07-05T17:18:48 IST" duration-ms="172" status="PASS">
          <params>
            <param index="0">
              <value>
                <![CDATA[[TestResult name=clickOnTheFirstCheapestAndCostliestPhoneOnMobilePhonesPage status=SUCCESS method=LandingPageTesting.clickOnTheFirstCheapestAndCostliestPhoneOnMobilePhonesPage(java.lang.String,java.lang.String,java.lang.String,int,int)[pri:0, instance:test.LandingPageTesting@cb0755b] output={null}]]]>
              </value>
            </param>
          </params>
          <reporter-output>
          </reporter-output>
        </test-method> <!-- logResult -->
        <test-method is-config="true" signature="launchBrowser()[pri:0, instance:test.LandingPageTesting@cb0755b]" started-at="2024-07-05T17:18:48 IST" name="launchBrowser" finished-at="2024-07-05T17:18:50 IST" duration-ms="2708" status="PASS">
          <reporter-output>
          </reporter-output>
        </test-method> <!-- launchBrowser -->
        <test-method signature="clickOnTheSecondCheapestAndCostliestPhoneOnMobilePhonesPage(java.lang.String,java.lang.String,java.lang.String,int,int)[pri:0, instance:test.LandingPageTesting@cb0755b]" started-at="2024-07-05T17:18:50 IST" name="clickOnTheSecondCheapestAndCostliestPhoneOnMobilePhonesPage" finished-at="2024-07-05T17:19:44 IST" duration-ms="53870" status="PASS">
          <params>
            <param index="0">
              <value>
                <![CDATA[mobile phones]]>
              </value>
            </param>
            <param index="1">
              <value>
                <![CDATA[SAMSUNG]]>
              </value>
            </param>
            <param index="2">
              <value>
                <![CDATA[8 GB and Above]]>
              </value>
            </param>
            <param index="3">
              <value>
                <![CDATA[147]]>
              </value>
            </param>
            <param index="4">
              <value>
                <![CDATA[-1]]>
              </value>
            </param>
          </params>
          <reporter-output>
          </reporter-output>
        </test-method> <!-- clickOnTheSecondCheapestAndCostliestPhoneOnMobilePhonesPage -->
        <test-method is-config="true" signature="logResult(org.testng.ITestResult)[pri:0, instance:test.LandingPageTesting@cb0755b]" started-at="2024-07-05T17:19:44 IST" name="logResult" finished-at="2024-07-05T17:19:44 IST" duration-ms="124" status="PASS">
          <params>
            <param index="0">
              <value>
                <![CDATA[[TestResult name=clickOnTheSecondCheapestAndCostliestPhoneOnMobilePhonesPage status=SUCCESS method=LandingPageTesting.clickOnTheSecondCheapestAndCostliestPhoneOnMobilePhonesPage(java.lang.String,java.lang.String,java.lang.String,int,int)[pri:0, instance:test.LandingPageTesting@cb0755b] output={null}]]]>
              </value>
            </param>
          </params>
          <reporter-output>
          </reporter-output>
        </test-method> <!-- logResult -->
        <test-method is-config="true" signature="launchBrowser()[pri:0, instance:test.LandingPageTesting@cb0755b]" started-at="2024-07-05T17:19:44 IST" name="launchBrowser" finished-at="2024-07-05T17:19:47 IST" duration-ms="2660" status="PASS">
          <reporter-output>
          </reporter-output>
        </test-method> <!-- launchBrowser -->
        <test-method signature="printTheCheapestAndCostliestPhoneWithItsNameAndPriceOnMobilePhonesPage(java.lang.String,java.lang.String,java.lang.String,int,int)[pri:0, instance:test.LandingPageTesting@cb0755b]" started-at="2024-07-05T17:19:47 IST" name="printTheCheapestAndCostliestPhoneWithItsNameAndPriceOnMobilePhonesPage" finished-at="2024-07-05T17:20:33 IST" duration-ms="45563" status="PASS">
          <params>
            <param index="0">
              <value>
                <![CDATA[mobile phones]]>
              </value>
            </param>
            <param index="1">
              <value>
                <![CDATA[SAMSUNG]]>
              </value>
            </param>
            <param index="2">
              <value>
                <![CDATA[8 GB and Above]]>
              </value>
            </param>
            <param index="3">
              <value>
                <![CDATA[147]]>
              </value>
            </param>
            <param index="4">
              <value>
                <![CDATA[-1]]>
              </value>
            </param>
          </params>
          <reporter-output>
          </reporter-output>
        </test-method> <!-- printTheCheapestAndCostliestPhoneWithItsNameAndPriceOnMobilePhonesPage -->
        <test-method is-config="true" signature="logResult(org.testng.ITestResult)[pri:0, instance:test.LandingPageTesting@cb0755b]" started-at="2024-07-05T17:20:33 IST" name="logResult" finished-at="2024-07-05T17:20:33 IST" duration-ms="148" status="PASS">
          <params>
            <param index="0">
              <value>
                <![CDATA[[TestResult name=printTheCheapestAndCostliestPhoneWithItsNameAndPriceOnMobilePhonesPage status=SUCCESS method=LandingPageTesting.printTheCheapestAndCostliestPhoneWithItsNameAndPriceOnMobilePhonesPage(java.lang.String,java.lang.String,java.lang.String,int,int)[pri:0, instance:test.LandingPageTesting@cb0755b] output={null}]]]>
              </value>
            </param>
          </params>
          <reporter-output>
          </reporter-output>
        </test-method> <!-- logResult -->
        <test-method is-config="true" signature="launchBrowser()[pri:0, instance:test.LandingPageTesting@cb0755b]" started-at="2024-07-05T17:20:33 IST" name="launchBrowser" finished-at="2024-07-05T17:20:35 IST" duration-ms="2680" status="PASS">
          <reporter-output>
          </reporter-output>
        </test-method> <!-- launchBrowser -->
        <test-method signature="selectPriceOfMobileFromTwentyThouandToThirtyThousandPlusFromPriceFilterSlider(java.lang.String,int,int)[pri:0, instance:test.LandingPageTesting@cb0755b]" started-at="2024-07-05T17:20:35 IST" name="selectPriceOfMobileFromTwentyThouandToThirtyThousandPlusFromPriceFilterSlider" finished-at="2024-07-05T17:20:39 IST" duration-ms="3161" status="PASS">
          <params>
            <param index="0">
              <value>
                <![CDATA[mobile phones]]>
              </value>
            </param>
            <param index="1">
              <value>
                <![CDATA[147]]>
              </value>
            </param>
            <param index="2">
              <value>
                <![CDATA[-1]]>
              </value>
            </param>
          </params>
          <reporter-output>
          </reporter-output>
        </test-method> <!-- selectPriceOfMobileFromTwentyThouandToThirtyThousandPlusFromPriceFilterSlider -->
        <test-method is-config="true" signature="logResult(org.testng.ITestResult)[pri:0, instance:test.LandingPageTesting@cb0755b]" started-at="2024-07-05T17:20:39 IST" name="logResult" finished-at="2024-07-05T17:20:39 IST" duration-ms="117" status="PASS">
          <params>
            <param index="0">
              <value>
                <![CDATA[[TestResult name=selectPriceOfMobileFromTwentyThouandToThirtyThousandPlusFromPriceFilterSlider status=SUCCESS method=LandingPageTesting.selectPriceOfMobileFromTwentyThouandToThirtyThousandPlusFromPriceFilterSlider(java.lang.String,int,int)[pri:0, instance:test.LandingPageTesting@cb0755b] output={null}]]]>
              </value>
            </param>
          </params>
          <reporter-output>
          </reporter-output>
        </test-method> <!-- logResult -->
        <test-method is-config="true" signature="launchBrowser()[pri:0, instance:test.LandingPageTesting@cb0755b]" started-at="2024-07-05T17:20:39 IST" name="launchBrowser" finished-at="2024-07-05T17:20:41 IST" duration-ms="2617" status="PASS">
          <reporter-output>
          </reporter-output>
        </test-method> <!-- launchBrowser -->
        <test-method signature="selectRAMFromRAMCheckboxOnMobilePhonesPage(java.lang.String,java.lang.String)[pri:0, instance:test.LandingPageTesting@cb0755b]" started-at="2024-07-05T17:20:41 IST" name="selectRAMFromRAMCheckboxOnMobilePhonesPage" finished-at="2024-07-05T17:20:44 IST" duration-ms="2661" status="PASS">
          <params>
            <param index="0">
              <value>
                <![CDATA[mobile phones]]>
              </value>
            </param>
            <param index="1">
              <value>
                <![CDATA[8 GB and Above]]>
              </value>
            </param>
          </params>
          <reporter-output>
          </reporter-output>
        </test-method> <!-- selectRAMFromRAMCheckboxOnMobilePhonesPage -->
        <test-method is-config="true" signature="logResult(org.testng.ITestResult)[pri:0, instance:test.LandingPageTesting@cb0755b]" started-at="2024-07-05T17:20:44 IST" name="logResult" finished-at="2024-07-05T17:20:44 IST" duration-ms="112" status="PASS">
          <params>
            <param index="0">
              <value>
                <![CDATA[[TestResult name=selectRAMFromRAMCheckboxOnMobilePhonesPage status=SUCCESS method=LandingPageTesting.selectRAMFromRAMCheckboxOnMobilePhonesPage(java.lang.String,java.lang.String)[pri:0, instance:test.LandingPageTesting@cb0755b] output={null}]]]>
              </value>
            </param>
          </params>
          <reporter-output>
          </reporter-output>
        </test-method> <!-- logResult -->
        <test-method is-config="true" signature="launchBrowser()[pri:0, instance:test.LandingPageTesting@cb0755b]" started-at="2024-07-05T17:20:44 IST" name="launchBrowser" finished-at="2024-07-05T17:20:47 IST" duration-ms="2602" status="PASS">
          <reporter-output>
          </reporter-output>
        </test-method> <!-- launchBrowser -->
        <test-method signature="selectSamsungMobileFromBrandsOptionsFromFilterByUsingSearchFieldOnBrandFilterWindow(java.lang.String,java.lang.String)[pri:0, instance:test.LandingPageTesting@cb0755b]" started-at="2024-07-05T17:20:47 IST" name="selectSamsungMobileFromBrandsOptionsFromFilterByUsingSearchFieldOnBrandFilterWindow" finished-at="2024-07-05T17:20:49 IST" duration-ms="2580" status="PASS">
          <params>
            <param index="0">
              <value>
                <![CDATA[mobile phones]]>
              </value>
            </param>
            <param index="1">
              <value>
                <![CDATA[SAMSUNG]]>
              </value>
            </param>
          </params>
          <reporter-output>
          </reporter-output>
        </test-method> <!-- selectSamsungMobileFromBrandsOptionsFromFilterByUsingSearchFieldOnBrandFilterWindow -->
        <test-method is-config="true" signature="logResult(org.testng.ITestResult)[pri:0, instance:test.LandingPageTesting@cb0755b]" started-at="2024-07-05T17:20:49 IST" name="logResult" finished-at="2024-07-05T17:20:49 IST" duration-ms="108" status="PASS">
          <params>
            <param index="0">
              <value>
                <![CDATA[[TestResult name=selectSamsungMobileFromBrandsOptionsFromFilterByUsingSearchFieldOnBrandFilterWindow status=SUCCESS method=LandingPageTesting.selectSamsungMobileFromBrandsOptionsFromFilterByUsingSearchFieldOnBrandFilterWindow(java.lang.String,java.lang.String)[pri:0, instance:test.LandingPageTesting@cb0755b] output={null}]]]>
              </value>
            </param>
          </params>
          <reporter-output>
          </reporter-output>
        </test-method> <!-- logResult -->
        <test-method is-config="true" signature="launchBrowser()[pri:0, instance:test.LandingPageTesting@cb0755b]" started-at="2024-07-05T17:20:49 IST" name="launchBrowser" finished-at="2024-07-05T17:20:52 IST" duration-ms="2686" status="PASS">
          <reporter-output>
          </reporter-output>
        </test-method> <!-- launchBrowser -->
        <test-method signature="verifyAfterSucessfullIncreaseTheQuantityOfTheProductInAddToCartPageThenPupupTextIsDisplayedToUser(java.lang.String,java.lang.String,java.lang.String,int,int,java.lang.String)[pri:0, instance:test.LandingPageTesting@cb0755b]" started-at="2024-07-05T17:20:52 IST" name="verifyAfterSucessfullIncreaseTheQuantityOfTheProductInAddToCartPageThenPupupTextIsDisplayedToUser" finished-at="2024-07-05T17:21:47 IST" duration-ms="55259" status="PASS">
          <params>
            <param index="0">
              <value>
                <![CDATA[mobile phones]]>
              </value>
            </param>
            <param index="1">
              <value>
                <![CDATA[SAMSUNG]]>
              </value>
            </param>
            <param index="2">
              <value>
                <![CDATA[8 GB and Above]]>
              </value>
            </param>
            <param index="3">
              <value>
                <![CDATA[147]]>
              </value>
            </param>
            <param index="4">
              <value>
                <![CDATA[-1]]>
              </value>
            </param>
            <param index="5">
              <value>
                <![CDATA[2]]>
              </value>
            </param>
          </params>
          <reporter-output>
          </reporter-output>
        </test-method> <!-- verifyAfterSucessfullIncreaseTheQuantityOfTheProductInAddToCartPageThenPupupTextIsDisplayedToUser -->
        <test-method is-config="true" signature="logResult(org.testng.ITestResult)[pri:0, instance:test.LandingPageTesting@cb0755b]" started-at="2024-07-05T17:21:47 IST" name="logResult" finished-at="2024-07-05T17:21:47 IST" duration-ms="120" status="PASS">
          <params>
            <param index="0">
              <value>
                <![CDATA[[TestResult name=verifyAfterSucessfullIncreaseTheQuantityOfTheProductInAddToCartPageThenPupupTextIsDisplayedToUser status=SUCCESS method=LandingPageTesting.verifyAfterSucessfullIncreaseTheQuantityOfTheProductInAddToCartPageThenPupupTextIsDisplayedToUser(java.lang.String,java.lang.String,java.lang.String,int,int,java.lang.String)[pri:0, instance:test.LandingPageTesting@cb0755b] output={null}]]]>
              </value>
            </param>
          </params>
          <reporter-output>
          </reporter-output>
        </test-method> <!-- logResult -->
        <test-method is-config="true" signature="launchBrowser()[pri:0, instance:test.LandingPageTesting@cb0755b]" started-at="2024-07-05T17:21:47 IST" name="launchBrowser" finished-at="2024-07-05T17:21:50 IST" duration-ms="2347" status="PASS">
          <reporter-output>
          </reporter-output>
        </test-method> <!-- launchBrowser -->
        <test-method signature="verifyDiscuoutIsReducedFromThePriceAndValidateTotalAmmoutToBuyMobile(java.lang.String,java.lang.String,java.lang.String,int,int,int)[pri:0, instance:test.LandingPageTesting@cb0755b]" started-at="2024-07-05T17:21:50 IST" name="verifyDiscuoutIsReducedFromThePriceAndValidateTotalAmmoutToBuyMobile" finished-at="2024-07-05T17:22:44 IST" duration-ms="54223" status="PASS">
          <params>
            <param index="0">
              <value>
                <![CDATA[mobile phones]]>
              </value>
            </param>
            <param index="1">
              <value>
                <![CDATA[SAMSUNG]]>
              </value>
            </param>
            <param index="2">
              <value>
                <![CDATA[8 GB and Above]]>
              </value>
            </param>
            <param index="3">
              <value>
                <![CDATA[147]]>
              </value>
            </param>
            <param index="4">
              <value>
                <![CDATA[-1]]>
              </value>
            </param>
            <param index="5">
              <value>
                <![CDATA[1]]>
              </value>
            </param>
          </params>
          <reporter-output>
          </reporter-output>
        </test-method> <!-- verifyDiscuoutIsReducedFromThePriceAndValidateTotalAmmoutToBuyMobile -->
        <test-method is-config="true" signature="logResult(org.testng.ITestResult)[pri:0, instance:test.LandingPageTesting@cb0755b]" started-at="2024-07-05T17:22:44 IST" name="logResult" finished-at="2024-07-05T17:22:44 IST" duration-ms="124" status="PASS">
          <params>
            <param index="0">
              <value>
                <![CDATA[[TestResult name=verifyDiscuoutIsReducedFromThePriceAndValidateTotalAmmoutToBuyMobile status=SUCCESS method=LandingPageTesting.verifyDiscuoutIsReducedFromThePriceAndValidateTotalAmmoutToBuyMobile(java.lang.String,java.lang.String,java.lang.String,int,int,int)[pri:0, instance:test.LandingPageTesting@cb0755b] output={null}]]]>
              </value>
            </param>
          </params>
          <reporter-output>
          </reporter-output>
        </test-method> <!-- logResult -->
        <test-method is-config="true" signature="launchBrowser()[pri:0, instance:test.LandingPageTesting@cb0755b]" started-at="2024-07-05T17:22:44 IST" name="launchBrowser" finished-at="2024-07-05T17:22:47 IST" duration-ms="2629" status="PASS">
          <reporter-output>
          </reporter-output>
        </test-method> <!-- launchBrowser -->
        <test-method signature="verifySelectedProductIsAvaiableInStockOnProductDetailsPage(java.lang.String,java.lang.String,java.lang.String,int,int,int)[pri:0, instance:test.LandingPageTesting@cb0755b]" started-at="2024-07-05T17:22:47 IST" name="verifySelectedProductIsAvaiableInStockOnProductDetailsPage" finished-at="2024-07-05T17:23:40 IST" duration-ms="53600" status="PASS">
          <params>
            <param index="0">
              <value>
                <![CDATA[mobile phones]]>
              </value>
            </param>
            <param index="1">
              <value>
                <![CDATA[SAMSUNG]]>
              </value>
            </param>
            <param index="2">
              <value>
                <![CDATA[8 GB and Above]]>
              </value>
            </param>
            <param index="3">
              <value>
                <![CDATA[147]]>
              </value>
            </param>
            <param index="4">
              <value>
                <![CDATA[-1]]>
              </value>
            </param>
            <param index="5">
              <value>
                <![CDATA[1]]>
              </value>
            </param>
          </params>
          <reporter-output>
          </reporter-output>
        </test-method> <!-- verifySelectedProductIsAvaiableInStockOnProductDetailsPage -->
        <test-method is-config="true" signature="logResult(org.testng.ITestResult)[pri:0, instance:test.LandingPageTesting@cb0755b]" started-at="2024-07-05T17:23:40 IST" name="logResult" finished-at="2024-07-05T17:23:40 IST" duration-ms="123" status="PASS">
          <params>
            <param index="0">
              <value>
                <![CDATA[[TestResult name=verifySelectedProductIsAvaiableInStockOnProductDetailsPage status=SUCCESS method=LandingPageTesting.verifySelectedProductIsAvaiableInStockOnProductDetailsPage(java.lang.String,java.lang.String,java.lang.String,int,int,int)[pri:0, instance:test.LandingPageTesting@cb0755b] output={null}]]]>
              </value>
            </param>
          </params>
          <reporter-output>
          </reporter-output>
        </test-method> <!-- logResult -->
        <test-method is-config="true" signature="launchBrowser()[pri:0, instance:test.LandingPageTesting@cb0755b]" started-at="2024-07-05T17:23:40 IST" name="launchBrowser" finished-at="2024-07-05T17:23:43 IST" duration-ms="2649" status="PASS">
          <reporter-output>
          </reporter-output>
        </test-method> <!-- launchBrowser -->
        <test-method signature="verifyUserAbleToAddMobileInCartAndThatIsDisplayedInAddToCartPage(java.lang.String,java.lang.String,java.lang.String,int,int,int)[pri:0, instance:test.LandingPageTesting@cb0755b]" started-at="2024-07-05T17:23:43 IST" name="verifyUserAbleToAddMobileInCartAndThatIsDisplayedInAddToCartPage" finished-at="2024-07-05T17:24:37 IST" duration-ms="54215" status="PASS">
          <params>
            <param index="0">
              <value>
                <![CDATA[mobile phones]]>
              </value>
            </param>
            <param index="1">
              <value>
                <![CDATA[SAMSUNG]]>
              </value>
            </param>
            <param index="2">
              <value>
                <![CDATA[8 GB and Above]]>
              </value>
            </param>
            <param index="3">
              <value>
                <![CDATA[147]]>
              </value>
            </param>
            <param index="4">
              <value>
                <![CDATA[-1]]>
              </value>
            </param>
            <param index="5">
              <value>
                <![CDATA[1]]>
              </value>
            </param>
          </params>
          <reporter-output>
          </reporter-output>
        </test-method> <!-- verifyUserAbleToAddMobileInCartAndThatIsDisplayedInAddToCartPage -->
        <test-method is-config="true" signature="logResult(org.testng.ITestResult)[pri:0, instance:test.LandingPageTesting@cb0755b]" started-at="2024-07-05T17:24:37 IST" name="logResult" finished-at="2024-07-05T17:24:37 IST" duration-ms="127" status="PASS">
          <params>
            <param index="0">
              <value>
                <![CDATA[[TestResult name=verifyUserAbleToAddMobileInCartAndThatIsDisplayedInAddToCartPage status=SUCCESS method=LandingPageTesting.verifyUserAbleToAddMobileInCartAndThatIsDisplayedInAddToCartPage(java.lang.String,java.lang.String,java.lang.String,int,int,int)[pri:0, instance:test.LandingPageTesting@cb0755b] output={null}]]]>
              </value>
            </param>
          </params>
          <reporter-output>
          </reporter-output>
        </test-method> <!-- logResult -->
        <test-method is-config="true" signature="launchBrowser()[pri:0, instance:test.LandingPageTesting@cb0755b]" started-at="2024-07-05T17:24:37 IST" name="launchBrowser" finished-at="2024-07-05T17:24:40 IST" duration-ms="2743" status="PASS">
          <reporter-output>
          </reporter-output>
        </test-method> <!-- launchBrowser -->
        <test-method signature="verifyUserIsAbleRemoveProductFromAddToCartPageByClickOnRemoveButton(java.lang.String,java.lang.String,java.lang.String,int,int,java.lang.String)[pri:0, instance:test.LandingPageTesting@cb0755b]" started-at="2024-07-05T17:24:40 IST" name="verifyUserIsAbleRemoveProductFromAddToCartPageByClickOnRemoveButton" finished-at="2024-07-05T17:25:36 IST" duration-ms="55630" status="PASS">
          <params>
            <param index="0">
              <value>
                <![CDATA[mobile phones]]>
              </value>
            </param>
            <param index="1">
              <value>
                <![CDATA[SAMSUNG]]>
              </value>
            </param>
            <param index="2">
              <value>
                <![CDATA[8 GB and Above]]>
              </value>
            </param>
            <param index="3">
              <value>
                <![CDATA[147]]>
              </value>
            </param>
            <param index="4">
              <value>
                <![CDATA[-1]]>
              </value>
            </param>
            <param index="5">
              <value>
                <![CDATA[2]]>
              </value>
            </param>
          </params>
          <reporter-output>
          </reporter-output>
        </test-method> <!-- verifyUserIsAbleRemoveProductFromAddToCartPageByClickOnRemoveButton -->
        <test-method is-config="true" signature="logResult(org.testng.ITestResult)[pri:0, instance:test.LandingPageTesting@cb0755b]" started-at="2024-07-05T17:25:36 IST" name="logResult" finished-at="2024-07-05T17:25:36 IST" duration-ms="141" status="PASS">
          <params>
            <param index="0">
              <value>
                <![CDATA[[TestResult name=verifyUserIsAbleRemoveProductFromAddToCartPageByClickOnRemoveButton status=SUCCESS method=LandingPageTesting.verifyUserIsAbleRemoveProductFromAddToCartPageByClickOnRemoveButton(java.lang.String,java.lang.String,java.lang.String,int,int,java.lang.String)[pri:0, instance:test.LandingPageTesting@cb0755b] output={null}]]]>
              </value>
            </param>
          </params>
          <reporter-output>
          </reporter-output>
        </test-method> <!-- logResult -->
        <test-method is-config="true" signature="launchBrowser()[pri:0, instance:test.LandingPageTesting@cb0755b]" started-at="2024-07-05T17:25:36 IST" name="launchBrowser" finished-at="2024-07-05T17:25:39 IST" duration-ms="2576" status="PASS">
          <reporter-output>
          </reporter-output>
        </test-method> <!-- launchBrowser -->
        <test-method signature="verifyUserIsAbleToDecreaseTheQuantityOfProductInAddToCartPageByClickOnMinusSign(java.lang.String,java.lang.String,java.lang.String,int,int,java.lang.String)[pri:0, instance:test.LandingPageTesting@cb0755b]" started-at="2024-07-05T17:25:39 IST" name="verifyUserIsAbleToDecreaseTheQuantityOfProductInAddToCartPageByClickOnMinusSign" finished-at="2024-07-05T17:26:34 IST" duration-ms="55394" status="PASS">
          <params>
            <param index="0">
              <value>
                <![CDATA[mobile phones]]>
              </value>
            </param>
            <param index="1">
              <value>
                <![CDATA[SAMSUNG]]>
              </value>
            </param>
            <param index="2">
              <value>
                <![CDATA[8 GB and Above]]>
              </value>
            </param>
            <param index="3">
              <value>
                <![CDATA[147]]>
              </value>
            </param>
            <param index="4">
              <value>
                <![CDATA[-1]]>
              </value>
            </param>
            <param index="5">
              <value>
                <![CDATA[2]]>
              </value>
            </param>
          </params>
          <reporter-output>
          </reporter-output>
        </test-method> <!-- verifyUserIsAbleToDecreaseTheQuantityOfProductInAddToCartPageByClickOnMinusSign -->
        <test-method is-config="true" signature="logResult(org.testng.ITestResult)[pri:0, instance:test.LandingPageTesting@cb0755b]" started-at="2024-07-05T17:26:34 IST" name="logResult" finished-at="2024-07-05T17:26:34 IST" duration-ms="130" status="PASS">
          <params>
            <param index="0">
              <value>
                <![CDATA[[TestResult name=verifyUserIsAbleToDecreaseTheQuantityOfProductInAddToCartPageByClickOnMinusSign status=SUCCESS method=LandingPageTesting.verifyUserIsAbleToDecreaseTheQuantityOfProductInAddToCartPageByClickOnMinusSign(java.lang.String,java.lang.String,java.lang.String,int,int,java.lang.String)[pri:0, instance:test.LandingPageTesting@cb0755b] output={null}]]]>
              </value>
            </param>
          </params>
          <reporter-output>
          </reporter-output>
        </test-method> <!-- logResult -->
        <test-method is-config="true" signature="launchBrowser()[pri:0, instance:test.LandingPageTesting@cb0755b]" started-at="2024-07-05T17:26:34 IST" name="launchBrowser" finished-at="2024-07-05T17:26:37 IST" duration-ms="2447" status="PASS">
          <reporter-output>
          </reporter-output>
        </test-method> <!-- launchBrowser -->
        <test-method signature="verifyUserIsAbleToIncreaseTheQuantityOfTheProductInAddToCartPageByUsingTheNumberInput(java.lang.String,java.lang.String,java.lang.String,int,int,java.lang.String)[pri:0, instance:test.LandingPageTesting@cb0755b]" started-at="2024-07-05T17:26:37 IST" name="verifyUserIsAbleToIncreaseTheQuantityOfTheProductInAddToCartPageByUsingTheNumberInput" finished-at="2024-07-05T17:27:32 IST" duration-ms="54992" status="FAIL">
          <params>
            <param index="0">
              <value>
                <![CDATA[mobile phones]]>
              </value>
            </param>
            <param index="1">
              <value>
                <![CDATA[SAMSUNG]]>
              </value>
            </param>
            <param index="2">
              <value>
                <![CDATA[8 GB and Above]]>
              </value>
            </param>
            <param index="3">
              <value>
                <![CDATA[147]]>
              </value>
            </param>
            <param index="4">
              <value>
                <![CDATA[-1]]>
              </value>
            </param>
            <param index="5">
              <value>
                <![CDATA[2]]>
              </value>
            </param>
          </params>
          <exception class="java.lang.AssertionError">
            <message>
              <![CDATA[expected [2] but found [1]]]>
            </message>
            <full-stacktrace>
              <![CDATA[java.lang.AssertionError: expected [2] but found [1]
at org.testng.Assert.fail(Assert.java:111)
at org.testng.Assert.failNotEquals(Assert.java:1578)
at org.testng.Assert.assertEqualsImpl(Assert.java:150)
at org.testng.Assert.assertEquals(Assert.java:132)
at org.testng.Assert.assertEquals(Assert.java:656)
at org.testng.Assert.assertEquals(Assert.java:666)
at test.LandingPageTesting.verifyUserIsAbleToIncreaseTheQuantityOfTheProductInAddToCartPageByUsingTheNumberInput(LandingPageTesting.java:464)
at java.base/jdk.internal.reflect.NativeMethodAccessorImpl.invoke0(Native Method)
at java.base/jdk.internal.reflect.NativeMethodAccessorImpl.invoke(NativeMethodAccessorImpl.java:77)
at java.base/jdk.internal.reflect.DelegatingMethodAccessorImpl.invoke(DelegatingMethodAccessorImpl.java:43)
at java.base/java.lang.reflect.Method.invoke(Method.java:568)
at org.testng.internal.invokers.MethodInvocationHelper.invokeMethod(MethodInvocationHelper.java:139)
at org.testng.internal.invokers.TestInvoker.invokeMethod(TestInvoker.java:664)
at org.testng.internal.invokers.TestInvoker.invokeTestMethod(TestInvoker.java:227)
at org.testng.internal.invokers.MethodRunner.runInSequence(MethodRunner.java:50)
at org.testng.internal.invokers.TestInvoker$MethodInvocationAgent.invoke(TestInvoker.java:957)
at org.testng.internal.invokers.TestInvoker.invokeTestMethods(TestInvoker.java:200)
at org.testng.internal.invokers.TestMethodWorker.invokeTestMethods(TestMethodWorker.java:148)
at org.testng.internal.invokers.TestMethodWorker.run(TestMethodWorker.java:128)
at java.base/java.util.ArrayList.forEach(ArrayList.java:1511)
at org.testng.TestRunner.privateRun(TestRunner.java:848)
at org.testng.TestRunner.run(TestRunner.java:621)
at org.testng.SuiteRunner.runTest(SuiteRunner.java:443)
at org.testng.SuiteRunner.runSequentially(SuiteRunner.java:437)
at org.testng.SuiteRunner.privateRun(SuiteRunner.java:397)
at org.testng.SuiteRunner.run(SuiteRunner.java:336)
at org.testng.SuiteRunnerWorker.runSuite(SuiteRunnerWorker.java:52)
at org.testng.SuiteRunnerWorker.run(SuiteRunnerWorker.java:95)
at org.testng.TestNG.runSuitesSequentially(TestNG.java:1280)
at org.testng.TestNG.runSuitesLocally(TestNG.java:1200)
at org.testng.TestNG.runSuites(TestNG.java:1114)
at org.testng.TestNG.run(TestNG.java:1082)
at org.testng.remote.AbstractRemoteTestNG.run(AbstractRemoteTestNG.java:115)
at org.testng.remote.RemoteTestNG.initAndRun(RemoteTestNG.java:251)
at org.testng.remote.RemoteTestNG.main(RemoteTestNG.java:77)
]]>
            </full-stacktrace>
          </exception> <!-- java.lang.AssertionError -->
          <reporter-output>
          </reporter-output>
        </test-method> <!-- verifyUserIsAbleToIncreaseTheQuantityOfTheProductInAddToCartPageByUsingTheNumberInput -->
        <test-method is-config="true" signature="logResult(org.testng.ITestResult)[pri:0, instance:test.LandingPageTesting@cb0755b]" started-at="2024-07-05T17:27:32 IST" name="logResult" finished-at="2024-07-05T17:27:32 IST" duration-ms="259" status="PASS">
          <params>
            <param index="0">
              <value>
                <![CDATA[[TestResult name=verifyUserIsAbleToIncreaseTheQuantityOfTheProductInAddToCartPageByUsingTheNumberInput status=FAILURE method=LandingPageTesting.verifyUserIsAbleToIncreaseTheQuantityOfTheProductInAddToCartPageByUsingTheNumberInput(java.lang.String,java.lang.String,java.lang.String,int,int,java.lang.String)[pri:0, instance:test.LandingPageTesting@cb0755b] output={null}]]]>
              </value>
            </param>
          </params>
          <reporter-output>
          </reporter-output>
        </test-method> <!-- logResult -->
        <test-method is-config="true" signature="launchBrowser()[pri:0, instance:test.LandingPageTesting@cb0755b]" started-at="2024-07-05T17:27:32 IST" name="launchBrowser" finished-at="2024-07-05T17:27:35 IST" duration-ms="2740" status="PASS">
          <reporter-output>
          </reporter-output>
        </test-method> <!-- launchBrowser -->
        <test-method signature="verifyUserIsAbleToSearchProductsOnByEnetringInputsOnSearchField(java.lang.String)[pri:0, instance:test.LandingPageTesting@cb0755b]" started-at="2024-07-05T17:27:35 IST" name="verifyUserIsAbleToSearchProductsOnByEnetringInputsOnSearchField" finished-at="2024-07-05T17:27:37 IST" duration-ms="1912" status="PASS">
          <params>
            <param index="0">
              <value>
                <![CDATA[mobile phones]]>
              </value>
            </param>
          </params>
          <reporter-output>
          </reporter-output>
        </test-method> <!-- verifyUserIsAbleToSearchProductsOnByEnetringInputsOnSearchField -->
        <test-method is-config="true" signature="logResult(org.testng.ITestResult)[pri:0, instance:test.LandingPageTesting@cb0755b]" started-at="2024-07-05T17:27:37 IST" name="logResult" finished-at="2024-07-05T17:27:37 IST" duration-ms="117" status="PASS">
          <params>
            <param index="0">
              <value>
                <![CDATA[[TestResult name=verifyUserIsAbleToSearchProductsOnByEnetringInputsOnSearchField status=SUCCESS method=LandingPageTesting.verifyUserIsAbleToSearchProductsOnByEnetringInputsOnSearchField(java.lang.String)[pri:0, instance:test.LandingPageTesting@cb0755b] output={null}]]]>
              </value>
            </param>
          </params>
          <reporter-output>
          </reporter-output>
        </test-method> <!-- logResult -->
        <test-method is-config="true" signature="clearData()[pri:0, instance:test.LandingPageTesting@cb0755b]" started-at="2024-07-05T17:27:37 IST" name="clearData" finished-at="2024-07-05T17:27:37 IST" duration-ms="187" status="PASS">
          <reporter-output>
          </reporter-output>
        </test-method> <!-- clearData -->
      </class> <!-- test.LandingPageTesting -->
    </test> <!-- Test -->
  </suite> <!-- Suite -->
</testng-results>
