<?xml version="1.0" encoding="UTF-8"?>
<!-- Generated by org.testng.reporters.JUnitXMLReporter -->
<testsuite ignored="7" hostname="DESKTOP-K409HTC" failures="0" tests="1" name="Test(failed)(failed)(failed)" time="49.059" errors="0" timestamp="2024-07-05T11:57:30 IST">
  <testcase classname="test.LandingPageTesting" name="printTheCheapestAndCostliestPhoneWithItsNameAndPriceOnMobilePhonesPage" time="45.512"/>
  <testcase classname="test.LandingPageTesting" name="clickOnTheFirstCheapestAndCostliestPhoneOnMobilePhonesPage" time="0.0">
    <ignored/>
  </testcase> <!-- clickOnTheFirstCheapestAndCostliestPhoneOnMobilePhonesPage -->
  <testcase classname="test.LandingPageTesting" name="verifyUserAbleToAddMobileInCartAndThatIsDisplayedInAddToCartPage" time="0.0">
    <ignored/>
  </testcase> <!-- verifyUserAbleToAddMobileInCartAndThatIsDisplayedInAddToCartPage -->
  <testcase classname="test.LandingPageTesting" name="verifyDiscuoutIsReducedFromThePriceAndValidateTotalAmmoutToBuyMobile" time="0.0">
    <ignored/>
  </testcase> <!-- verifyDiscuoutIsReducedFromThePriceAndValidateTotalAmmoutToBuyMobile -->
  <testcase classname="test.LandingPageTesting" name="selectPriceOfMobileFromTwentyThouandToThirtyThousandPlusFromPriceFilterSlider" time="0.0">
    <ignored/>
  </testcase> <!-- selectPriceOfMobileFromTwentyThouandToThirtyThousandPlusFromPriceFilterSlider -->
  <testcase classname="test.LandingPageTesting" name="selectSamsungMobileFromBrandsOptionsFromFilterByUsingSearchFieldOnBrandFilterWindow" time="0.0">
    <ignored/>
  </testcase> <!-- selectSamsungMobileFromBrandsOptionsFromFilterByUsingSearchFieldOnBrandFilterWindow -->
  <testcase classname="test.LandingPageTesting" name="selectRAMFromRAMCheckboxOnMobilePhonesPage" time="0.0">
    <ignored/>
  </testcase> <!-- selectRAMFromRAMCheckboxOnMobilePhonesPage -->
  <testcase classname="test.LandingPageTesting" name="verifySelectedProductIsAvaiableInStockOnProductDetailsPage" time="0.0">
    <ignored/>
  </testcase> <!-- verifySelectedProductIsAvaiableInStockOnProductDetailsPage -->
</testsuite> <!-- Test(failed)(failed)(failed) -->
